<?xml version="1.0" encoding="UTF-8"?>
<!-- Generated by org.testng.reporters.JUnitXMLReporter -->
<testsuite ignored="0" hostname="WINDOWS-J0ACLPE" failures="0" tests="5" name="mytest" time="14.349" errors="0" timestamp="2024-02-03T09:15:51 IST">
  <testcase classname="TestNg.FirstTest" name="first_1" time="0.021"/>
  <testcase classname="TestNg.FirstTest" name="first_2" time="0.005"/>
  <testcase classname="TestNg.SecondTest" name="openApp" time="6.234"/>
  <testcase classname="TestNg.SecondTest" name="login" time="7.806"/>
  <testcase classname="TestNg.SecondTest" name="close" time="0.181"/>
</testsuite> <!-- mytest -->
