<?xml version="1.0" encoding="UTF-8"?>
<!-- Generated by org.testng.reporters.JUnitXMLReporter -->
<testsuite ignored="7" hostname="WINDOWS-J0ACLPE" failures="0" tests="3" name="Regression" time="0.138" errors="0" timestamp="2024-08-25T12:49:26 IST">
  <testcase classname="TestNg.day_2" name="print_1" time="0.026"/>
  <testcase classname="TestNg.day_4" name="print_3" time="0.003"/>
  <testcase classname="TestNg.day_3" name="print_2" time="0.005"/>
  <testcase classname="TestNg.day_4" name="MobileLoginHomeCar" time="0.0">
    <ignored/>
  </testcase> <!-- MobileLoginHomeCar -->
  <testcase classname="TestNg.day_4" name="WebLoginHomeCar" time="0.0">
    <ignored/>
  </testcase> <!-- WebLoginHomeCar -->
  <testcase classname="TestNg.day_3" name="MobileLoginCar" time="0.0">
    <ignored/>
  </testcase> <!-- MobileLoginCar -->
  <testcase classname="TestNg.day_1" name="demo" time="0.0">
    <ignored/>
  </testcase> <!-- demo -->
  <testcase classname="TestNg.day_3" name="WebLoginCar" time="0.0">
    <ignored/>
  </testcase> <!-- WebLoginCar -->
  <testcase classname="TestNg.day_1" name="secondTest" time="0.0">
    <ignored/>
  </testcase> <!-- secondTest -->
  <testcase classname="TestNg.day_2" name="print" time="0.0">
    <ignored/>
  </testcase> <!-- print -->
</testsuite> <!-- Regression -->
