<?xml version="1.0" encoding="UTF-8"?>
<!-- Generated by org.testng.reporters.JUnitXMLReporter -->
<testsuite ignored="1" hostname="WINDOWS-J0ACLPE" failures="0" tests="2" name="Submit Order Test" time="33.578" errors="0" timestamp="2024-09-29T13:18:22 IST">
  <testcase classname="standalone.submitOrder" name="submitOrder" time="8.616"/>
  <testcase classname="standalone.submitOrder" name="submitOrder" time="8.579"/>
  <testcase classname="standalone.submitOrder" name="OrderHistory" time="0.0">
    <ignored/>
  </testcase> <!-- OrderHistory -->
</testsuite> <!-- Submit Order Test -->
