<?xml version="1.0" encoding="UTF-8"?>
<!-- Generated by org.testng.reporters.JUnitXMLReporter -->
<testsuite ignored="0" hostname="WINDOWS-J0ACLPE" failures="0" tests="7" name="Test" time="0.167" errors="0" timestamp="2024-08-25T16:10:56 IST">
  <testcase classname="TestNg.day_1" name="demo" time="0.015"/>
  <testcase classname="TestNg.day_1" name="secondTest" time="0.003"/>
  <testcase classname="TestNg.day_2" name="print" time="0.003"/>
  <testcase classname="TestNg.day_2" name="print_1" time="0.005"/>
  <testcase classname="TestNg.day_4" name="MobileLoginHomeCar" time="0.003"/>
  <testcase classname="TestNg.day_4" name="WebLoginHomeCar" time="0.003"/>
  <testcase classname="TestNg.day_4" name="print_3" time="0.002"/>
</testsuite> <!-- Test -->
