<?xml version="1.0" encoding="UTF-8"?>
<testng-results ignored="6" total="9" passed="3" failed="0" skipped="0">
  <reporter-output>
  </reporter-output>
  <suite started-at="2024-08-31T17:52:31 IST" name="my suite" finished-at="2024-08-31T17:52:31 IST" duration-ms="148">
    <groups>
      <group name="sanity">
        <method signature="Grouping.loginByFacebook()[pri:1, instance:TestNg.Grouping@741a8937]" name="loginByFacebook" class="TestNg.Grouping"/>
        <method signature="Grouping.loginByTwitter()[pri:1, instance:TestNg.Grouping@741a8937]" name="loginByTwitter" class="TestNg.Grouping"/>
        <method signature="Grouping.paymentInDollar()[pri:1, instance:TestNg.Grouping@741a8937]" name="paymentInDollar" class="TestNg.Grouping"/>
      </group> <!-- sanity -->
    </groups>
    <test started-at="2024-08-31T17:52:31 IST" name="my tests" finished-at="2024-08-31T17:52:31 IST" duration-ms="148">
      <class name="TestNg.Grouping">
        <test-method signature="loginByFacebook()[pri:1, instance:TestNg.Grouping@741a8937]" started-at="2024-08-31T17:52:31 IST" name="loginByFacebook" finished-at="2024-08-31T17:52:31 IST" duration-ms="25" status="PASS">
          <reporter-output>
          </reporter-output>
        </test-method> <!-- loginByFacebook -->
        <test-method signature="loginByTwitter()[pri:1, instance:TestNg.Grouping@741a8937]" started-at="2024-08-31T17:52:31 IST" name="loginByTwitter" finished-at="2024-08-31T17:52:31 IST" duration-ms="4" status="PASS">
          <reporter-output>
          </reporter-output>
        </test-method> <!-- loginByTwitter -->
        <test-method signature="paymentInDollar()[pri:1, instance:TestNg.Grouping@741a8937]" started-at="2024-08-31T17:52:31 IST" name="paymentInDollar" finished-at="2024-08-31T17:52:31 IST" duration-ms="3" status="PASS">
          <reporter-output>
          </reporter-output>
        </test-method> <!-- paymentInDollar -->
      </class> <!-- TestNg.Grouping -->
    </test> <!-- my tests -->
  </suite> <!-- my suite -->
</testng-results>
