<?xml version="1.0" encoding="UTF-8"?>
<testng-results ignored="3" total="5" passed="2" failed="0" skipped="0">
  <reporter-output>
  </reporter-output>
  <suite started-at="2024-09-29T13:17:48 IST" name="Suite" finished-at="2024-09-29T13:18:22 IST" duration-ms="33578">
    <groups>
      <group name="Purchase">
        <method signature="submitOrder.submitOrder(java.lang.String,java.lang.String,java.lang.String)[pri:0, instance:standalone.submitOrder@17f62e33]" name="submitOrder" class="standalone.submitOrder"/>
      </group> <!-- Purchase -->
    </groups>
    <test started-at="2024-09-29T13:17:48 IST" name="Errorvalidation" finished-at="2024-09-29T13:17:48 IST" duration-ms="31">
    </test> <!-- Errorvalidation -->
    <test started-at="2024-09-29T13:17:48 IST" name="Submit Order Test" finished-at="2024-09-29T13:18:22 IST" duration-ms="33578">
      <class name="standalone.submitOrder">
        <test-method is-config="true" signature="launchApplication()[pri:0, instance:standalone.submitOrder@17f62e33]" started-at="2024-09-29T13:17:48 IST" name="launchApplication" finished-at="2024-09-29T13:17:59 IST" duration-ms="10210" status="PASS">
          <reporter-output>
          </reporter-output>
        </test-method> <!-- launchApplication -->
        <test-method signature="submitOrder(java.lang.String,java.lang.String,java.lang.String)[pri:0, instance:standalone.submitOrder@17f62e33]" started-at="2024-09-29T13:17:59 IST" name="submitOrder" data-provider="getData" finished-at="2024-09-29T13:18:07 IST" duration-ms="8616" status="PASS">
          <params>
            <param index="0">
              <value>
                <![CDATA[abcxyz@gmail.com]]>
              </value>
            </param>
            <param index="1">
              <value>
                <![CDATA[Anirudha12@]]>
              </value>
            </param>
            <param index="2">
              <value>
                <![CDATA[ZARA COAT 3]]>
              </value>
            </param>
          </params>
          <reporter-output>
          </reporter-output>
        </test-method> <!-- submitOrder -->
        <test-method is-config="true" signature="tearDown()[pri:0, instance:standalone.submitOrder@17f62e33]" started-at="2024-09-29T13:18:07 IST" name="tearDown" finished-at="2024-09-29T13:18:07 IST" duration-ms="169" status="PASS">
          <reporter-output>
          </reporter-output>
        </test-method> <!-- tearDown -->
        <test-method is-config="true" signature="launchApplication()[pri:0, instance:standalone.submitOrder@17f62e33]" started-at="2024-09-29T13:18:07 IST" name="launchApplication" finished-at="2024-09-29T13:18:13 IST" duration-ms="5752" status="PASS">
          <reporter-output>
          </reporter-output>
        </test-method> <!-- launchApplication -->
        <test-method signature="submitOrder(java.lang.String,java.lang.String,java.lang.String)[pri:0, instance:standalone.submitOrder@17f62e33]" started-at="2024-09-29T13:18:13 IST" name="submitOrder" data-provider="getData" finished-at="2024-09-29T13:18:22 IST" duration-ms="8579" status="PASS">
          <params>
            <param index="0">
              <value>
                <![CDATA[shetty@gmail.com]]>
              </value>
            </param>
            <param index="1">
              <value>
                <![CDATA[Iamking@000]]>
              </value>
            </param>
            <param index="2">
              <value>
                <![CDATA[ADIDAS ORIGINAL]]>
              </value>
            </param>
          </params>
          <reporter-output>
          </reporter-output>
        </test-method> <!-- submitOrder -->
        <test-method is-config="true" signature="tearDown()[pri:0, instance:standalone.submitOrder@17f62e33]" started-at="2024-09-29T13:18:22 IST" name="tearDown" finished-at="2024-09-29T13:18:22 IST" duration-ms="146" status="PASS">
          <reporter-output>
          </reporter-output>
        </test-method> <!-- tearDown -->
      </class> <!-- standalone.submitOrder -->
    </test> <!-- Submit Order Test -->
  </suite> <!-- Suite -->
</testng-results>
